{"/Users/karthi/Documents/HyperVerge/Bus-Ticket-Booking/backend/models/bookingModel.js": {"path":"/Users/karthi/Documents/HyperVerge/Bus-Ticket-Booking/backend/models/bookingModel.js","statementMap":{"0":{"start":{"line":3,"column":22},"end":{"line":13,"column":1}},"1":{"start":{"line":15,"column":16},"end":{"line":15,"column":56}}},"fnMap":{},"branchMap":{},"s":{"0":2,"1":2},"f":{},"b":{},"_coverageSchema":"1a1c01bbd47fc00a2c39e90264f33305004495a9","hash":"5db5821a2577523b487011013f61442fad9db021"}
,"/Users/karthi/Documents/HyperVerge/Bus-Ticket-Booking/backend/models/busModel.js": {"path":"/Users/karthi/Documents/HyperVerge/Bus-Ticket-Booking/backend/models/busModel.js","statementMap":{"0":{"start":{"line":3,"column":18},"end":{"line":12,"column":1}},"1":{"start":{"line":14,"column":12},"end":{"line":14,"column":44}}},"fnMap":{},"branchMap":{},"s":{"0":2,"1":2},"f":{},"b":{},"_coverageSchema":"1a1c01bbd47fc00a2c39e90264f33305004495a9","hash":"2dcbb14e33ecdf90ada4bfac148599b07fb4328c"}
,"/Users/karthi/Documents/HyperVerge/Bus-Ticket-Booking/backend/models/operatorModel.js": {"path":"/Users/karthi/Documents/HyperVerge/Bus-Ticket-Booking/backend/models/operatorModel.js","statementMap":{"0":{"start":{"line":3,"column":23},"end":{"line":15,"column":1}},"1":{"start":{"line":17,"column":17},"end":{"line":17,"column":59}}},"fnMap":{},"branchMap":{},"s":{"0":3,"1":3},"f":{},"b":{},"_coverageSchema":"1a1c01bbd47fc00a2c39e90264f33305004495a9","hash":"a18e63d984c0d440ddc32332078cce69fee817d2"}
,"/Users/karthi/Documents/HyperVerge/Bus-Ticket-Booking/backend/models/tripModel.js": {"path":"/Users/karthi/Documents/HyperVerge/Bus-Ticket-Booking/backend/models/tripModel.js","statementMap":{"0":{"start":{"line":3,"column":19},"end":{"line":18,"column":1}},"1":{"start":{"line":21,"column":13},"end":{"line":21,"column":47}}},"fnMap":{},"branchMap":{},"s":{"0":3,"1":3},"f":{},"b":{},"_coverageSchema":"1a1c01bbd47fc00a2c39e90264f33305004495a9","hash":"210ed497dab1ceaaa2e22d7b06ae88f6917caa01"}
,"/Users/karthi/Documents/HyperVerge/Bus-Ticket-Booking/backend/models/userModel.js": {"path":"/Users/karthi/Documents/HyperVerge/Bus-Ticket-Booking/backend/models/userModel.js","statementMap":{"0":{"start":{"line":3,"column":19},"end":{"line":15,"column":1}},"1":{"start":{"line":17,"column":13},"end":{"line":17,"column":47}}},"fnMap":{},"branchMap":{},"s":{"0":1,"1":1},"f":{},"b":{},"_coverageSchema":"1a1c01bbd47fc00a2c39e90264f33305004495a9","hash":"b1dc36ea57aaf33cceb401fc4ee03936fdf139ba"}
,"/Users/karthi/Documents/HyperVerge/Bus-Ticket-Booking/backend/services/bookingService.js": {"path":"/Users/karthi/Documents/HyperVerge/Bus-Ticket-Booking/backend/services/bookingService.js","statementMap":{"0":{"start":{"line":6,"column":8},"end":{"line":44,"column":9}},"1":{"start":{"line":7,"column":25},"end":{"line":7,"column":53}},"2":{"start":{"line":8,"column":12},"end":{"line":8,"column":89}},"3":{"start":{"line":8,"column":23},"end":{"line":8,"column":89}},"4":{"start":{"line":9,"column":12},"end":{"line":9,"column":103}},"5":{"start":{"line":9,"column":34},"end":{"line":9,"column":103}},"6":{"start":{"line":11,"column":33},"end":{"line":13,"column":13}},"7":{"start":{"line":12,"column":16},"end":{"line":12,"column":89}},"8":{"start":{"line":14,"column":12},"end":{"line":16,"column":13}},"9":{"start":{"line":15,"column":16},"end":{"line":15,"column":116}},"10":{"start":{"line":18,"column":37},"end":{"line":18,"column":98}},"11":{"start":{"line":18,"column":65},"end":{"line":18,"column":97}},"12":{"start":{"line":19,"column":12},"end":{"line":21,"column":13}},"13":{"start":{"line":20,"column":16},"end":{"line":20,"column":117}},"14":{"start":{"line":23,"column":28},"end":{"line":30,"column":14}},"15":{"start":{"line":32,"column":12},"end":{"line":38,"column":14}},"16":{"start":{"line":40,"column":12},"end":{"line":40,"column":121}},"17":{"start":{"line":42,"column":12},"end":{"line":42,"column":61}},"18":{"start":{"line":43,"column":12},"end":{"line":43,"column":100}},"19":{"start":{"line":48,"column":8},"end":{"line":70,"column":9}},"20":{"start":{"line":49,"column":28},"end":{"line":49,"column":62}},"21":{"start":{"line":50,"column":12},"end":{"line":50,"column":95}},"22":{"start":{"line":50,"column":26},"end":{"line":50,"column":95}},"23":{"start":{"line":51,"column":12},"end":{"line":51,"column":144}},"24":{"start":{"line":51,"column":67},"end":{"line":51,"column":144}},"25":{"start":{"line":52,"column":12},"end":{"line":52,"column":133}},"26":{"start":{"line":52,"column":56},"end":{"line":52,"column":133}},"27":{"start":{"line":54,"column":12},"end":{"line":60,"column":14}},"28":{"start":{"line":62,"column":12},"end":{"line":62,"column":49}},"29":{"start":{"line":63,"column":12},"end":{"line":63,"column":51}},"30":{"start":{"line":64,"column":12},"end":{"line":64,"column":33}},"31":{"start":{"line":66,"column":12},"end":{"line":66,"column":112}},"32":{"start":{"line":68,"column":12},"end":{"line":68,"column":65}},"33":{"start":{"line":69,"column":12},"end":{"line":69,"column":105}}},"fnMap":{"0":{"name":"(anonymous_0)","decl":{"start":{"line":5,"column":4},"end":{"line":5,"column":5}},"loc":{"start":{"line":5,"column":56},"end":{"line":45,"column":5}},"line":5},"1":{"name":"(anonymous_1)","decl":{"start":{"line":11,"column":53},"end":{"line":11,"column":54}},"loc":{"start":{"line":12,"column":16},"end":{"line":12,"column":89}},"line":12},"2":{"name":"(anonymous_2)","decl":{"start":{"line":18,"column":57},"end":{"line":18,"column":58}},"loc":{"start":{"line":18,"column":65},"end":{"line":18,"column":97}},"line":18},"3":{"name":"(anonymous_3)","decl":{"start":{"line":47,"column":4},"end":{"line":47,"column":5}},"loc":{"start":{"line":47,"column":45},"end":{"line":71,"column":5}},"line":47}},"branchMap":{"0":{"loc":{"start":{"line":8,"column":12},"end":{"line":8,"column":89}},"type":"if","locations":[{"start":{"line":8,"column":12},"end":{"line":8,"column":89}},{"start":{},"end":{}}],"line":8},"1":{"loc":{"start":{"line":9,"column":12},"end":{"line":9,"column":103}},"type":"if","locations":[{"start":{"line":9,"column":12},"end":{"line":9,"column":103}},{"start":{},"end":{}}],"line":9},"2":{"loc":{"start":{"line":12,"column":16},"end":{"line":12,"column":89}},"type":"binary-expr","locations":[{"start":{"line":12,"column":16},"end":{"line":12,"column":52}},{"start":{"line":12,"column":56},"end":{"line":12,"column":89}}],"line":12},"3":{"loc":{"start":{"line":14,"column":12},"end":{"line":16,"column":13}},"type":"if","locations":[{"start":{"line":14,"column":12},"end":{"line":16,"column":13}},{"start":{},"end":{}}],"line":14},"4":{"loc":{"start":{"line":19,"column":12},"end":{"line":21,"column":13}},"type":"if","locations":[{"start":{"line":19,"column":12},"end":{"line":21,"column":13}},{"start":{},"end":{}}],"line":19},"5":{"loc":{"start":{"line":50,"column":12},"end":{"line":50,"column":95}},"type":"if","locations":[{"start":{"line":50,"column":12},"end":{"line":50,"column":95}},{"start":{},"end":{}}],"line":50},"6":{"loc":{"start":{"line":51,"column":12},"end":{"line":51,"column":144}},"type":"if","locations":[{"start":{"line":51,"column":12},"end":{"line":51,"column":144}},{"start":{},"end":{}}],"line":51},"7":{"loc":{"start":{"line":52,"column":12},"end":{"line":52,"column":133}},"type":"if","locations":[{"start":{"line":52,"column":12},"end":{"line":52,"column":133}},{"start":{},"end":{}}],"line":52}},"s":{"0":5,"1":5,"2":5,"3":1,"4":4,"5":1,"6":3,"7":3,"8":3,"9":1,"10":2,"11":2,"12":2,"13":1,"14":1,"15":1,"16":1,"17":0,"18":0,"19":4,"20":4,"21":4,"22":1,"23":3,"24":1,"25":2,"26":1,"27":1,"28":1,"29":1,"30":1,"31":1,"32":0,"33":0},"f":{"0":5,"1":3,"2":2,"3":4},"b":{"0":[1,4],"1":[1,3],"2":[3,2],"3":[1,2],"4":[1,1],"5":[1,3],"6":[1,2],"7":[1,1]},"_coverageSchema":"1a1c01bbd47fc00a2c39e90264f33305004495a9","hash":"dfc3bfaf1c88210dcae11603f20b92cac1c0fad1"}
,"/Users/karthi/Documents/HyperVerge/Bus-Ticket-Booking/backend/services/busService.js": {"path":"/Users/karthi/Documents/HyperVerge/Bus-Ticket-Booking/backend/services/busService.js","statementMap":{"0":{"start":{"line":6,"column":8},"end":{"line":6,"column":101}},"1":{"start":{"line":6,"column":26},"end":{"line":6,"column":101}},"2":{"start":{"line":8,"column":8},"end":{"line":14,"column":9}},"3":{"start":{"line":9,"column":27},"end":{"line":9,"column":63}},"4":{"start":{"line":10,"column":12},"end":{"line":10,"column":32}},"5":{"start":{"line":11,"column":12},"end":{"line":11,"column":100}},"6":{"start":{"line":13,"column":12},"end":{"line":13,"column":104}},"7":{"start":{"line":18,"column":8},"end":{"line":28,"column":9}},"8":{"start":{"line":19,"column":31},"end":{"line":23,"column":13}},"9":{"start":{"line":24,"column":12},"end":{"line":24,"column":94}},"10":{"start":{"line":24,"column":29},"end":{"line":24,"column":94}},"11":{"start":{"line":25,"column":12},"end":{"line":25,"column":104}},"12":{"start":{"line":27,"column":12},"end":{"line":27,"column":104}},"13":{"start":{"line":32,"column":8},"end":{"line":38,"column":9}},"14":{"start":{"line":33,"column":31},"end":{"line":33,"column":66}},"15":{"start":{"line":34,"column":12},"end":{"line":34,"column":94}},"16":{"start":{"line":34,"column":29},"end":{"line":34,"column":94}},"17":{"start":{"line":35,"column":12},"end":{"line":35,"column":87}},"18":{"start":{"line":37,"column":12},"end":{"line":37,"column":104}},"19":{"start":{"line":42,"column":8},"end":{"line":51,"column":9}},"20":{"start":{"line":46,"column":24},"end":{"line":46,"column":55}},"21":{"start":{"line":48,"column":10},"end":{"line":48,"column":101}},"22":{"start":{"line":50,"column":10},"end":{"line":50,"column":106}}},"fnMap":{"0":{"name":"(anonymous_0)","decl":{"start":{"line":5,"column":4},"end":{"line":5,"column":5}},"loc":{"start":{"line":5,"column":42},"end":{"line":15,"column":5}},"line":5},"1":{"name":"(anonymous_1)","decl":{"start":{"line":17,"column":4},"end":{"line":17,"column":5}},"loc":{"start":{"line":17,"column":37},"end":{"line":29,"column":5}},"line":17},"2":{"name":"(anonymous_2)","decl":{"start":{"line":31,"column":4},"end":{"line":31,"column":5}},"loc":{"start":{"line":31,"column":28},"end":{"line":39,"column":5}},"line":31},"3":{"name":"(anonymous_3)","decl":{"start":{"line":41,"column":4},"end":{"line":41,"column":5}},"loc":{"start":{"line":41,"column":31},"end":{"line":52,"column":7}},"line":41}},"branchMap":{"0":{"loc":{"start":{"line":6,"column":8},"end":{"line":6,"column":101}},"type":"if","locations":[{"start":{"line":6,"column":8},"end":{"line":6,"column":101}},{"start":{},"end":{}}],"line":6},"1":{"loc":{"start":{"line":24,"column":12},"end":{"line":24,"column":94}},"type":"if","locations":[{"start":{"line":24,"column":12},"end":{"line":24,"column":94}},{"start":{},"end":{}}],"line":24},"2":{"loc":{"start":{"line":34,"column":12},"end":{"line":34,"column":94}},"type":"if","locations":[{"start":{"line":34,"column":12},"end":{"line":34,"column":94}},{"start":{},"end":{}}],"line":34}},"s":{"0":3,"1":1,"2":2,"3":2,"4":2,"5":1,"6":1,"7":3,"8":3,"9":2,"10":1,"11":1,"12":1,"13":3,"14":3,"15":2,"16":1,"17":1,"18":1,"19":0,"20":0,"21":0,"22":0},"f":{"0":3,"1":3,"2":3,"3":0},"b":{"0":[1,2],"1":[1,1],"2":[1,1]},"_coverageSchema":"1a1c01bbd47fc00a2c39e90264f33305004495a9","hash":"5207a5de74620e59cb651445f45751fe9b74925a"}
,"/Users/karthi/Documents/HyperVerge/Bus-Ticket-Booking/backend/services/profileService.js": {"path":"/Users/karthi/Documents/HyperVerge/Bus-Ticket-Booking/backend/services/profileService.js","statementMap":{"0":{"start":{"line":8,"column":8},"end":{"line":15,"column":9}},"1":{"start":{"line":9,"column":27},"end":{"line":9,"column":44}},"2":{"start":{"line":10,"column":12},"end":{"line":10,"column":86}},"3":{"start":{"line":10,"column":25},"end":{"line":10,"column":86}},"4":{"start":{"line":11,"column":12},"end":{"line":11,"column":89}},"5":{"start":{"line":13,"column":12},"end":{"line":13,"column":60}},"6":{"start":{"line":14,"column":12},"end":{"line":14,"column":96}},"7":{"start":{"line":19,"column":8},"end":{"line":23,"column":10}},"8":{"start":{"line":20,"column":18},"end":{"line":20,"column":40}},"9":{"start":{"line":27,"column":8},"end":{"line":31,"column":10}},"10":{"start":{"line":28,"column":18},"end":{"line":28,"column":48}},"11":{"start":{"line":35,"column":8},"end":{"line":39,"column":10}},"12":{"start":{"line":36,"column":18},"end":{"line":36,"column":117}},"13":{"start":{"line":43,"column":8},"end":{"line":47,"column":10}},"14":{"start":{"line":44,"column":18},"end":{"line":44,"column":105}},"15":{"start":{"line":51,"column":8},"end":{"line":65,"column":10}},"16":{"start":{"line":53,"column":33},"end":{"line":53,"column":93}},"17":{"start":{"line":55,"column":36},"end":{"line":55,"column":102}},"18":{"start":{"line":55,"column":63},"end":{"line":55,"column":101}},"19":{"start":{"line":56,"column":38},"end":{"line":56,"column":104}},"20":{"start":{"line":56,"column":65},"end":{"line":56,"column":103}},"21":{"start":{"line":58,"column":16},"end":{"line":61,"column":18}},"22":{"start":{"line":69,"column":8},"end":{"line":78,"column":10}},"23":{"start":{"line":71,"column":30},"end":{"line":71,"column":74}},"24":{"start":{"line":72,"column":16},"end":{"line":74,"column":18}}},"fnMap":{"0":{"name":"(anonymous_0)","decl":{"start":{"line":7,"column":4},"end":{"line":7,"column":5}},"loc":{"start":{"line":7,"column":75},"end":{"line":16,"column":5}},"line":7},"1":{"name":"(anonymous_1)","decl":{"start":{"line":18,"column":4},"end":{"line":18,"column":5}},"loc":{"start":{"line":18,"column":34},"end":{"line":24,"column":5}},"line":18},"2":{"name":"(anonymous_2)","decl":{"start":{"line":20,"column":12},"end":{"line":20,"column":13}},"loc":{"start":{"line":20,"column":18},"end":{"line":20,"column":40}},"line":20},"3":{"name":"(anonymous_3)","decl":{"start":{"line":26,"column":4},"end":{"line":26,"column":5}},"loc":{"start":{"line":26,"column":42},"end":{"line":32,"column":5}},"line":26},"4":{"name":"(anonymous_4)","decl":{"start":{"line":28,"column":12},"end":{"line":28,"column":13}},"loc":{"start":{"line":28,"column":18},"end":{"line":28,"column":48}},"line":28},"5":{"name":"(anonymous_5)","decl":{"start":{"line":34,"column":4},"end":{"line":34,"column":5}},"loc":{"start":{"line":34,"column":59},"end":{"line":40,"column":5}},"line":34},"6":{"name":"(anonymous_6)","decl":{"start":{"line":36,"column":12},"end":{"line":36,"column":13}},"loc":{"start":{"line":36,"column":18},"end":{"line":36,"column":117}},"line":36},"7":{"name":"(anonymous_7)","decl":{"start":{"line":42,"column":4},"end":{"line":42,"column":5}},"loc":{"start":{"line":42,"column":47},"end":{"line":48,"column":5}},"line":42},"8":{"name":"(anonymous_8)","decl":{"start":{"line":44,"column":12},"end":{"line":44,"column":13}},"loc":{"start":{"line":44,"column":18},"end":{"line":44,"column":105}},"line":44},"9":{"name":"(anonymous_9)","decl":{"start":{"line":50,"column":4},"end":{"line":50,"column":5}},"loc":{"start":{"line":50,"column":34},"end":{"line":66,"column":5}},"line":50},"10":{"name":"(anonymous_10)","decl":{"start":{"line":52,"column":12},"end":{"line":52,"column":13}},"loc":{"start":{"line":52,"column":24},"end":{"line":62,"column":13}},"line":52},"11":{"name":"(anonymous_11)","decl":{"start":{"line":55,"column":52},"end":{"line":55,"column":53}},"loc":{"start":{"line":55,"column":63},"end":{"line":55,"column":101}},"line":55},"12":{"name":"(anonymous_12)","decl":{"start":{"line":56,"column":54},"end":{"line":56,"column":55}},"loc":{"start":{"line":56,"column":65},"end":{"line":56,"column":103}},"line":56},"13":{"name":"(anonymous_13)","decl":{"start":{"line":68,"column":4},"end":{"line":68,"column":5}},"loc":{"start":{"line":68,"column":42},"end":{"line":79,"column":5}},"line":68},"14":{"name":"(anonymous_14)","decl":{"start":{"line":70,"column":12},"end":{"line":70,"column":13}},"loc":{"start":{"line":70,"column":24},"end":{"line":75,"column":13}},"line":70}},"branchMap":{"0":{"loc":{"start":{"line":10,"column":12},"end":{"line":10,"column":86}},"type":"if","locations":[{"start":{"line":10,"column":12},"end":{"line":10,"column":86}},{"start":{},"end":{}}],"line":10}},"s":{"0":21,"1":21,"2":14,"3":5,"4":9,"5":7,"6":7,"7":3,"8":3,"9":3,"10":3,"11":3,"12":3,"13":3,"14":3,"15":3,"16":3,"17":2,"18":3,"19":2,"20":3,"21":2,"22":3,"23":3,"24":2},"f":{"0":21,"1":3,"2":3,"3":3,"4":3,"5":3,"6":3,"7":3,"8":3,"9":3,"10":3,"11":3,"12":3,"13":3,"14":3},"b":{"0":[5,9]},"_coverageSchema":"1a1c01bbd47fc00a2c39e90264f33305004495a9","hash":"511d37652ff486937d1556688ec1c6d47ea708d1"}
,"/Users/karthi/Documents/HyperVerge/Bus-Ticket-Booking/backend/services/authServices/baseAuthService.js": {"path":"/Users/karthi/Documents/HyperVerge/Bus-Ticket-Booking/backend/services/authServices/baseAuthService.js","statementMap":{"0":{"start":{"line":5,"column":8},"end":{"line":5,"column":27}},"1":{"start":{"line":6,"column":8},"end":{"line":6,"column":25}},"2":{"start":{"line":10,"column":22},"end":{"line":10,"column":45}},"3":{"start":{"line":11,"column":8},"end":{"line":13,"column":9}},"4":{"start":{"line":12,"column":12},"end":{"line":12,"column":67}},"5":{"start":{"line":15,"column":29},"end":{"line":15,"column":76}},"6":{"start":{"line":16,"column":8},"end":{"line":18,"column":9}},"7":{"start":{"line":17,"column":12},"end":{"line":17,"column":91}},"8":{"start":{"line":20,"column":8},"end":{"line":20,"column":58}},"9":{"start":{"line":21,"column":8},"end":{"line":21,"column":38}},"10":{"start":{"line":23,"column":8},"end":{"line":23,"column":95}},"11":{"start":{"line":27,"column":8},"end":{"line":29,"column":9}},"12":{"start":{"line":28,"column":12},"end":{"line":28,"column":91}},"13":{"start":{"line":31,"column":23},"end":{"line":31,"column":58}},"14":{"start":{"line":32,"column":8},"end":{"line":34,"column":9}},"15":{"start":{"line":33,"column":12},"end":{"line":33,"column":89}},"16":{"start":{"line":36,"column":8},"end":{"line":41,"column":10}},"17":{"start":{"line":45,"column":8},"end":{"line":47,"column":9}},"18":{"start":{"line":46,"column":12},"end":{"line":46,"column":53}},"19":{"start":{"line":48,"column":8},"end":{"line":48,"column":20}}},"fnMap":{"0":{"name":"(anonymous_0)","decl":{"start":{"line":4,"column":4},"end":{"line":4,"column":5}},"loc":{"start":{"line":4,"column":29},"end":{"line":7,"column":5}},"line":4},"1":{"name":"(anonymous_1)","decl":{"start":{"line":9,"column":8},"end":{"line":9,"column":9}},"loc":{"start":{"line":9,"column":29},"end":{"line":24,"column":5}},"line":9},"2":{"name":"(anonymous_2)","decl":{"start":{"line":26,"column":4},"end":{"line":26,"column":5}},"loc":{"start":{"line":26,"column":33},"end":{"line":42,"column":5}},"line":26},"3":{"name":"(anonymous_3)","decl":{"start":{"line":44,"column":4},"end":{"line":44,"column":5}},"loc":{"start":{"line":44,"column":23},"end":{"line":49,"column":5}},"line":44}},"branchMap":{"0":{"loc":{"start":{"line":11,"column":8},"end":{"line":13,"column":9}},"type":"if","locations":[{"start":{"line":11,"column":8},"end":{"line":13,"column":9}},{"start":{},"end":{}}],"line":11},"1":{"loc":{"start":{"line":16,"column":8},"end":{"line":18,"column":9}},"type":"if","locations":[{"start":{"line":16,"column":8},"end":{"line":18,"column":9}},{"start":{},"end":{}}],"line":16},"2":{"loc":{"start":{"line":27,"column":8},"end":{"line":29,"column":9}},"type":"if","locations":[{"start":{"line":27,"column":8},"end":{"line":29,"column":9}},{"start":{},"end":{}}],"line":27},"3":{"loc":{"start":{"line":27,"column":12},"end":{"line":27,"column":31}},"type":"binary-expr","locations":[{"start":{"line":27,"column":12},"end":{"line":27,"column":18}},{"start":{"line":27,"column":22},"end":{"line":27,"column":31}}],"line":27},"4":{"loc":{"start":{"line":32,"column":8},"end":{"line":34,"column":9}},"type":"if","locations":[{"start":{"line":32,"column":8},"end":{"line":34,"column":9}},{"start":{},"end":{}}],"line":32},"5":{"loc":{"start":{"line":32,"column":12},"end":{"line":32,"column":74}},"type":"binary-expr","locations":[{"start":{"line":32,"column":12},"end":{"line":32,"column":19}},{"start":{"line":32,"column":23},"end":{"line":32,"column":74}}],"line":32},"6":{"loc":{"start":{"line":45,"column":8},"end":{"line":47,"column":9}},"type":"if","locations":[{"start":{"line":45,"column":8},"end":{"line":47,"column":9}},{"start":{},"end":{}}],"line":45},"7":{"loc":{"start":{"line":45,"column":12},"end":{"line":45,"column":41}},"type":"binary-expr","locations":[{"start":{"line":45,"column":12},"end":{"line":45,"column":23}},{"start":{"line":45,"column":27},"end":{"line":45,"column":41}}],"line":45}},"s":{"0":24,"1":24,"2":12,"3":12,"4":4,"5":8,"6":8,"7":3,"8":5,"9":4,"10":3,"11":13,"12":4,"13":9,"14":8,"15":4,"16":3,"17":10,"18":5,"19":5},"f":{"0":24,"1":12,"2":13,"3":10},"b":{"0":[4,8],"1":[3,5],"2":[4,9],"3":[13,10],"4":[4,3],"5":[8,5],"6":[5,5],"7":[10,7]},"_coverageSchema":"1a1c01bbd47fc00a2c39e90264f33305004495a9","hash":"fe1ccf020c97aaf743d499c2fe918ee9446b53b1"}
,"/Users/karthi/Documents/HyperVerge/Bus-Ticket-Booking/backend/services/authServices/operatorService.js": {"path":"/Users/karthi/Documents/HyperVerge/Bus-Ticket-Booking/backend/services/authServices/operatorService.js","statementMap":{"0":{"start":{"line":6,"column":4},"end":{"line":6,"column":32}},"1":{"start":{"line":10,"column":4},"end":{"line":12,"column":13}},"2":{"start":{"line":16,"column":4},"end":{"line":22,"column":6}}},"fnMap":{"0":{"name":"(anonymous_0)","decl":{"start":{"line":5,"column":2},"end":{"line":5,"column":3}},"loc":{"start":{"line":5,"column":16},"end":{"line":7,"column":3}},"line":5},"1":{"name":"(anonymous_1)","decl":{"start":{"line":9,"column":2},"end":{"line":9,"column":3}},"loc":{"start":{"line":9,"column":21},"end":{"line":13,"column":3}},"line":9},"2":{"name":"(anonymous_2)","decl":{"start":{"line":15,"column":2},"end":{"line":15,"column":3}},"loc":{"start":{"line":15,"column":23},"end":{"line":23,"column":3}},"line":15}},"branchMap":{"0":{"loc":{"start":{"line":10,"column":11},"end":{"line":12,"column":12}},"type":"cond-expr","locations":[{"start":{"line":11,"column":8},"end":{"line":11,"column":33}},{"start":{"line":12,"column":8},"end":{"line":12,"column":12}}],"line":10},"1":{"loc":{"start":{"line":10,"column":11},"end":{"line":10,"column":77}},"type":"binary-expr","locations":[{"start":{"line":10,"column":11},"end":{"line":10,"column":29}},{"start":{"line":10,"column":33},"end":{"line":10,"column":44}},{"start":{"line":10,"column":48},"end":{"line":10,"column":59}},{"start":{"line":10,"column":63},"end":{"line":10,"column":77}}],"line":10}},"s":{"0":6,"1":3,"2":0},"f":{"0":6,"1":3,"2":0},"b":{"0":[1,2],"1":[3,2,2,2]},"_coverageSchema":"1a1c01bbd47fc00a2c39e90264f33305004495a9","hash":"ee1f9091565800ee57ea965d4295b3270e2f1340"}
,"/Users/karthi/Documents/HyperVerge/Bus-Ticket-Booking/backend/services/authServices/userService.js": {"path":"/Users/karthi/Documents/HyperVerge/Bus-Ticket-Booking/backend/services/authServices/userService.js","statementMap":{"0":{"start":{"line":6,"column":4},"end":{"line":6,"column":24}},"1":{"start":{"line":10,"column":4},"end":{"line":12,"column":13}},"2":{"start":{"line":16,"column":4},"end":{"line":21,"column":7}}},"fnMap":{"0":{"name":"(anonymous_0)","decl":{"start":{"line":5,"column":2},"end":{"line":5,"column":3}},"loc":{"start":{"line":5,"column":16},"end":{"line":7,"column":3}},"line":5},"1":{"name":"(anonymous_1)","decl":{"start":{"line":9,"column":2},"end":{"line":9,"column":3}},"loc":{"start":{"line":9,"column":21},"end":{"line":13,"column":3}},"line":9},"2":{"name":"(anonymous_2)","decl":{"start":{"line":15,"column":2},"end":{"line":15,"column":3}},"loc":{"start":{"line":15,"column":23},"end":{"line":22,"column":3}},"line":15}},"branchMap":{"0":{"loc":{"start":{"line":10,"column":11},"end":{"line":12,"column":12}},"type":"cond-expr","locations":[{"start":{"line":11,"column":8},"end":{"line":11,"column":33}},{"start":{"line":12,"column":8},"end":{"line":12,"column":12}}],"line":10},"1":{"loc":{"start":{"line":10,"column":11},"end":{"line":10,"column":69}},"type":"binary-expr","locations":[{"start":{"line":10,"column":11},"end":{"line":10,"column":21}},{"start":{"line":10,"column":25},"end":{"line":10,"column":36}},{"start":{"line":10,"column":40},"end":{"line":10,"column":51}},{"start":{"line":10,"column":55},"end":{"line":10,"column":69}}],"line":10}},"s":{"0":1,"1":3,"2":0},"f":{"0":1,"1":3,"2":0},"b":{"0":[1,2],"1":[3,2,2,2]},"_coverageSchema":"1a1c01bbd47fc00a2c39e90264f33305004495a9","hash":"8c18967d238e84c2e96c7db26f9219abcdd7ab67"}
,"/Users/karthi/Documents/HyperVerge/Bus-Ticket-Booking/backend/services/tripServices/baseTripService.js": {"path":"/Users/karthi/Documents/HyperVerge/Bus-Ticket-Booking/backend/services/tripServices/baseTripService.js","statementMap":{"0":{"start":{"line":6,"column":2},"end":{"line":12,"column":3}},"1":{"start":{"line":7,"column":17},"end":{"line":7,"column":64}},"2":{"start":{"line":8,"column":4},"end":{"line":8,"column":81}},"3":{"start":{"line":8,"column":15},"end":{"line":8,"column":81}},"4":{"start":{"line":9,"column":4},"end":{"line":9,"column":81}},"5":{"start":{"line":11,"column":4},"end":{"line":11,"column":97}},"6":{"start":{"line":16,"column":2},"end":{"line":21,"column":3}},"7":{"start":{"line":17,"column":18},"end":{"line":17,"column":54}},"8":{"start":{"line":18,"column":4},"end":{"line":18,"column":83}},"9":{"start":{"line":20,"column":4},"end":{"line":20,"column":98}},"10":{"start":{"line":25,"column":2},"end":{"line":61,"column":3}},"11":{"start":{"line":26,"column":16},"end":{"line":26,"column":18}},"12":{"start":{"line":28,"column":4},"end":{"line":28,"column":52}},"13":{"start":{"line":28,"column":23},"end":{"line":28,"column":52}},"14":{"start":{"line":29,"column":4},"end":{"line":29,"column":67}},"15":{"start":{"line":29,"column":28},"end":{"line":29,"column":67}},"16":{"start":{"line":31,"column":4},"end":{"line":35,"column":5}},"17":{"start":{"line":32,"column":6},"end":{"line":32,"column":23}},"18":{"start":{"line":33,"column":6},"end":{"line":33,"column":70}},"19":{"start":{"line":33,"column":27},"end":{"line":33,"column":70}},"20":{"start":{"line":34,"column":6},"end":{"line":34,"column":70}},"21":{"start":{"line":34,"column":27},"end":{"line":34,"column":70}},"22":{"start":{"line":37,"column":4},"end":{"line":37,"column":30}},"23":{"start":{"line":39,"column":18},"end":{"line":39,"column":66}},"24":{"start":{"line":41,"column":24},"end":{"line":41,"column":29}},"25":{"start":{"line":42,"column":4},"end":{"line":45,"column":5}},"26":{"start":{"line":43,"column":28},"end":{"line":43,"column":48}},"27":{"start":{"line":44,"column":6},"end":{"line":44,"column":89}},"28":{"start":{"line":44,"column":43},"end":{"line":44,"column":87}},"29":{"start":{"line":47,"column":4},"end":{"line":52,"column":6}},"30":{"start":{"line":54,"column":4},"end":{"line":54,"column":54}},"31":{"start":{"line":55,"column":4},"end":{"line":60,"column":6}}},"fnMap":{"0":{"name":"(anonymous_0)","decl":{"start":{"line":5,"column":0},"end":{"line":5,"column":1}},"loc":{"start":{"line":5,"column":27},"end":{"line":13,"column":1}},"line":5},"1":{"name":"(anonymous_1)","decl":{"start":{"line":15,"column":0},"end":{"line":15,"column":1}},"loc":{"start":{"line":15,"column":20},"end":{"line":22,"column":1}},"line":15},"2":{"name":"(anonymous_2)","decl":{"start":{"line":24,"column":0},"end":{"line":24,"column":1}},"loc":{"start":{"line":24,"column":35},"end":{"line":62,"column":1}},"line":24},"3":{"name":"(anonymous_3)","decl":{"start":{"line":44,"column":35},"end":{"line":44,"column":36}},"loc":{"start":{"line":44,"column":43},"end":{"line":44,"column":87}},"line":44}},"branchMap":{"0":{"loc":{"start":{"line":8,"column":4},"end":{"line":8,"column":81}},"type":"if","locations":[{"start":{"line":8,"column":4},"end":{"line":8,"column":81}},{"start":{},"end":{}}],"line":8},"1":{"loc":{"start":{"line":24,"column":22},"end":{"line":24,"column":33}},"type":"default-arg","locations":[{"start":{"line":24,"column":31},"end":{"line":24,"column":33}}],"line":24},"2":{"loc":{"start":{"line":28,"column":4},"end":{"line":28,"column":52}},"type":"if","locations":[{"start":{"line":28,"column":4},"end":{"line":28,"column":52}},{"start":{},"end":{}}],"line":28},"3":{"loc":{"start":{"line":29,"column":4},"end":{"line":29,"column":67}},"type":"if","locations":[{"start":{"line":29,"column":4},"end":{"line":29,"column":67}},{"start":{},"end":{}}],"line":29},"4":{"loc":{"start":{"line":31,"column":4},"end":{"line":35,"column":5}},"type":"if","locations":[{"start":{"line":31,"column":4},"end":{"line":35,"column":5}},{"start":{},"end":{}}],"line":31},"5":{"loc":{"start":{"line":31,"column":8},"end":{"line":31,"column":42}},"type":"binary-expr","locations":[{"start":{"line":31,"column":8},"end":{"line":31,"column":23}},{"start":{"line":31,"column":27},"end":{"line":31,"column":42}}],"line":31},"6":{"loc":{"start":{"line":33,"column":6},"end":{"line":33,"column":70}},"type":"if","locations":[{"start":{"line":33,"column":6},"end":{"line":33,"column":70}},{"start":{},"end":{}}],"line":33},"7":{"loc":{"start":{"line":34,"column":6},"end":{"line":34,"column":70}},"type":"if","locations":[{"start":{"line":34,"column":6},"end":{"line":34,"column":70}},{"start":{},"end":{}}],"line":34},"8":{"loc":{"start":{"line":42,"column":4},"end":{"line":45,"column":5}},"type":"if","locations":[{"start":{"line":42,"column":4},"end":{"line":45,"column":5}},{"start":{},"end":{}}],"line":42},"9":{"loc":{"start":{"line":42,"column":8},"end":{"line":42,"column":48}},"type":"binary-expr","locations":[{"start":{"line":42,"column":8},"end":{"line":42,"column":20}},{"start":{"line":42,"column":24},"end":{"line":42,"column":48}}],"line":42}},"s":{"0":3,"1":3,"2":2,"3":1,"4":1,"5":1,"6":2,"7":2,"8":1,"9":1,"10":6,"11":6,"12":6,"13":2,"14":6,"15":2,"16":6,"17":2,"18":2,"19":2,"20":2,"21":2,"22":6,"23":6,"24":5,"25":5,"26":2,"27":2,"28":3,"29":5,"30":1,"31":1},"f":{"0":3,"1":2,"2":6,"3":3},"b":{"0":[1,1],"1":[1],"2":[2,4],"3":[2,4],"4":[2,4],"5":[6,4],"6":[2,0],"7":[2,0],"8":[2,3],"9":[5,2]},"_coverageSchema":"1a1c01bbd47fc00a2c39e90264f33305004495a9","hash":"b257bcb6df916c8e4c0ebd795848bb9f114cfd43"}
,"/Users/karthi/Documents/HyperVerge/Bus-Ticket-Booking/backend/services/tripServices/operatorTripService.js": {"path":"/Users/karthi/Documents/HyperVerge/Bus-Ticket-Booking/backend/services/tripServices/operatorTripService.js","statementMap":{"0":{"start":{"line":8,"column":8},"end":{"line":8,"column":53}},"1":{"start":{"line":12,"column":8},"end":{"line":12,"column":57}},"2":{"start":{"line":16,"column":8},"end":{"line":16,"column":50}},"3":{"start":{"line":19,"column":8},"end":{"line":19,"column":60}},"4":{"start":{"line":23,"column":8},"end":{"line":25,"column":9}},"5":{"start":{"line":24,"column":12},"end":{"line":24,"column":87}},"6":{"start":{"line":27,"column":8},"end":{"line":53,"column":9}},"7":{"start":{"line":28,"column":102},"end":{"line":28,"column":110}},"8":{"start":{"line":29,"column":12},"end":{"line":31,"column":13}},"9":{"start":{"line":30,"column":16},"end":{"line":30,"column":102}},"10":{"start":{"line":33,"column":36},"end":{"line":33,"column":88}},"11":{"start":{"line":33,"column":82},"end":{"line":33,"column":87}},"12":{"start":{"line":35,"column":28},"end":{"line":45,"column":14}},"13":{"start":{"line":47,"column":12},"end":{"line":47,"column":33}},"14":{"start":{"line":48,"column":12},"end":{"line":48,"column":93}},"15":{"start":{"line":50,"column":12},"end":{"line":50,"column":103}},"16":{"start":{"line":52,"column":12},"end":{"line":52,"column":105}},"17":{"start":{"line":58,"column":8},"end":{"line":60,"column":9}},"18":{"start":{"line":59,"column":12},"end":{"line":59,"column":87}},"19":{"start":{"line":62,"column":8},"end":{"line":64,"column":9}},"20":{"start":{"line":63,"column":12},"end":{"line":63,"column":86}},"21":{"start":{"line":66,"column":8},"end":{"line":78,"column":9}},"22":{"start":{"line":67,"column":25},"end":{"line":67,"column":74}},"23":{"start":{"line":68,"column":12},"end":{"line":70,"column":13}},"24":{"start":{"line":69,"column":16},"end":{"line":69,"column":98}},"25":{"start":{"line":72,"column":12},"end":{"line":72,"column":36}},"26":{"start":{"line":73,"column":12},"end":{"line":73,"column":30}},"27":{"start":{"line":75,"column":12},"end":{"line":75,"column":101}},"28":{"start":{"line":77,"column":12},"end":{"line":77,"column":107}},"29":{"start":{"line":82,"column":8},"end":{"line":123,"column":9}},"30":{"start":{"line":83,"column":10},"end":{"line":85,"column":11}},"31":{"start":{"line":84,"column":12},"end":{"line":84,"column":86}},"32":{"start":{"line":87,"column":23},"end":{"line":87,"column":51}},"33":{"start":{"line":88,"column":10},"end":{"line":90,"column":11}},"34":{"start":{"line":89,"column":12},"end":{"line":89,"column":78}},"35":{"start":{"line":92,"column":34},"end":{"line":99,"column":11}},"36":{"start":{"line":101,"column":32},"end":{"line":101,"column":34}},"37":{"start":{"line":102,"column":10},"end":{"line":106,"column":11}},"38":{"start":{"line":103,"column":12},"end":{"line":105,"column":13}},"39":{"start":{"line":104,"column":14},"end":{"line":104,"column":49}},"40":{"start":{"line":108,"column":30},"end":{"line":108,"column":97}},"41":{"start":{"line":110,"column":10},"end":{"line":115,"column":12}},"42":{"start":{"line":117,"column":10},"end":{"line":122,"column":12}},"43":{"start":{"line":129,"column":8},"end":{"line":145,"column":9}},"44":{"start":{"line":130,"column":12},"end":{"line":132,"column":13}},"45":{"start":{"line":131,"column":16},"end":{"line":131,"column":105}},"46":{"start":{"line":134,"column":25},"end":{"line":134,"column":74}},"47":{"start":{"line":135,"column":12},"end":{"line":137,"column":13}},"48":{"start":{"line":136,"column":16},"end":{"line":136,"column":118}},"49":{"start":{"line":139,"column":12},"end":{"line":139,"column":50}},"50":{"start":{"line":140,"column":12},"end":{"line":140,"column":89}},"51":{"start":{"line":142,"column":12},"end":{"line":142,"column":88}},"52":{"start":{"line":144,"column":12},"end":{"line":144,"column":105}},"53":{"start":{"line":149,"column":8},"end":{"line":161,"column":9}},"54":{"start":{"line":150,"column":12},"end":{"line":152,"column":13}},"55":{"start":{"line":151,"column":16},"end":{"line":151,"column":94}},"56":{"start":{"line":154,"column":26},"end":{"line":154,"column":58}},"57":{"start":{"line":155,"column":12},"end":{"line":157,"column":13}},"58":{"start":{"line":156,"column":16},"end":{"line":156,"column":100}},"59":{"start":{"line":158,"column":12},"end":{"line":158,"column":104}},"60":{"start":{"line":160,"column":12},"end":{"line":160,"column":117}}},"fnMap":{"0":{"name":"(anonymous_0)","decl":{"start":{"line":7,"column":4},"end":{"line":7,"column":5}},"loc":{"start":{"line":7,"column":18},"end":{"line":9,"column":5}},"line":7},"1":{"name":"(anonymous_1)","decl":{"start":{"line":11,"column":4},"end":{"line":11,"column":5}},"loc":{"start":{"line":11,"column":31},"end":{"line":13,"column":5}},"line":11},"2":{"name":"(anonymous_2)","decl":{"start":{"line":15,"column":4},"end":{"line":15,"column":5}},"loc":{"start":{"line":15,"column":24},"end":{"line":17,"column":5}},"line":15},"3":{"name":"(anonymous_3)","decl":{"start":{"line":18,"column":4},"end":{"line":18,"column":5}},"loc":{"start":{"line":18,"column":33},"end":{"line":20,"column":5}},"line":18},"4":{"name":"(anonymous_4)","decl":{"start":{"line":22,"column":4},"end":{"line":22,"column":5}},"loc":{"start":{"line":22,"column":44},"end":{"line":54,"column":5}},"line":22},"5":{"name":"(anonymous_5)","decl":{"start":{"line":33,"column":72},"end":{"line":33,"column":73}},"loc":{"start":{"line":33,"column":82},"end":{"line":33,"column":87}},"line":33},"6":{"name":"(anonymous_6)","decl":{"start":{"line":57,"column":4},"end":{"line":57,"column":5}},"loc":{"start":{"line":57,"column":43},"end":{"line":79,"column":5}},"line":57},"7":{"name":"(anonymous_7)","decl":{"start":{"line":81,"column":6},"end":{"line":81,"column":7}},"loc":{"start":{"line":81,"column":42},"end":{"line":124,"column":7}},"line":81},"8":{"name":"(anonymous_8)","decl":{"start":{"line":128,"column":4},"end":{"line":128,"column":5}},"loc":{"start":{"line":128,"column":43},"end":{"line":146,"column":5}},"line":128},"9":{"name":"(anonymous_9)","decl":{"start":{"line":148,"column":4},"end":{"line":148,"column":5}},"loc":{"start":{"line":148,"column":40},"end":{"line":162,"column":5}},"line":148}},"branchMap":{"0":{"loc":{"start":{"line":23,"column":8},"end":{"line":25,"column":9}},"type":"if","locations":[{"start":{"line":23,"column":8},"end":{"line":25,"column":9}},{"start":{},"end":{}}],"line":23},"1":{"loc":{"start":{"line":29,"column":12},"end":{"line":31,"column":13}},"type":"if","locations":[{"start":{"line":29,"column":12},"end":{"line":31,"column":13}},{"start":{},"end":{}}],"line":29},"2":{"loc":{"start":{"line":29,"column":16},"end":{"line":29,"column":48}},"type":"binary-expr","locations":[{"start":{"line":29,"column":16},"end":{"line":29,"column":28}},{"start":{"line":29,"column":32},"end":{"line":29,"column":48}}],"line":29},"3":{"loc":{"start":{"line":58,"column":8},"end":{"line":60,"column":9}},"type":"if","locations":[{"start":{"line":58,"column":8},"end":{"line":60,"column":9}},{"start":{},"end":{}}],"line":58},"4":{"loc":{"start":{"line":62,"column":8},"end":{"line":64,"column":9}},"type":"if","locations":[{"start":{"line":62,"column":8},"end":{"line":64,"column":9}},{"start":{},"end":{}}],"line":62},"5":{"loc":{"start":{"line":68,"column":12},"end":{"line":70,"column":13}},"type":"if","locations":[{"start":{"line":68,"column":12},"end":{"line":70,"column":13}},{"start":{},"end":{}}],"line":68},"6":{"loc":{"start":{"line":83,"column":10},"end":{"line":85,"column":11}},"type":"if","locations":[{"start":{"line":83,"column":10},"end":{"line":85,"column":11}},{"start":{},"end":{}}],"line":83},"7":{"loc":{"start":{"line":88,"column":10},"end":{"line":90,"column":11}},"type":"if","locations":[{"start":{"line":88,"column":10},"end":{"line":90,"column":11}},{"start":{},"end":{}}],"line":88},"8":{"loc":{"start":{"line":103,"column":12},"end":{"line":105,"column":13}},"type":"if","locations":[{"start":{"line":103,"column":12},"end":{"line":105,"column":13}},{"start":{},"end":{}}],"line":103},"9":{"loc":{"start":{"line":130,"column":12},"end":{"line":132,"column":13}},"type":"if","locations":[{"start":{"line":130,"column":12},"end":{"line":132,"column":13}},{"start":{},"end":{}}],"line":130},"10":{"loc":{"start":{"line":130,"column":16},"end":{"line":130,"column":106}},"type":"binary-expr","locations":[{"start":{"line":130,"column":16},"end":{"line":130,"column":57}},{"start":{"line":130,"column":61},"end":{"line":130,"column":106}}],"line":130},"11":{"loc":{"start":{"line":135,"column":12},"end":{"line":137,"column":13}},"type":"if","locations":[{"start":{"line":135,"column":12},"end":{"line":137,"column":13}},{"start":{},"end":{}}],"line":135},"12":{"loc":{"start":{"line":150,"column":12},"end":{"line":152,"column":13}},"type":"if","locations":[{"start":{"line":150,"column":12},"end":{"line":152,"column":13}},{"start":{},"end":{}}],"line":150},"13":{"loc":{"start":{"line":155,"column":12},"end":{"line":157,"column":13}},"type":"if","locations":[{"start":{"line":155,"column":12},"end":{"line":157,"column":13}},{"start":{},"end":{}}],"line":155}},"s":{"0":25,"1":1,"2":1,"3":1,"4":4,"5":1,"6":3,"7":3,"8":3,"9":1,"10":2,"11":4,"12":2,"13":1,"14":1,"15":1,"16":1,"17":5,"18":1,"19":4,"20":1,"21":3,"22":3,"23":2,"24":1,"25":1,"26":1,"27":1,"28":1,"29":4,"30":4,"31":1,"32":3,"33":2,"34":1,"35":1,"36":1,"37":1,"38":6,"39":1,"40":1,"41":1,"42":1,"43":5,"44":5,"45":2,"46":3,"47":2,"48":1,"49":1,"50":1,"51":1,"52":1,"53":4,"54":4,"55":1,"56":3,"57":2,"58":1,"59":1,"60":1},"f":{"0":25,"1":1,"2":1,"3":1,"4":4,"5":4,"6":5,"7":4,"8":5,"9":4},"b":{"0":[1,3],"1":[1,2],"2":[3,2],"3":[1,4],"4":[1,3],"5":[1,1],"6":[1,3],"7":[1,1],"8":[1,5],"9":[2,3],"10":[5,4],"11":[1,1],"12":[1,3],"13":[1,1]},"_coverageSchema":"1a1c01bbd47fc00a2c39e90264f33305004495a9","hash":"a3f1d234f6283bc615d162099b873666ca6edfd3"}
,"/Users/karthi/Documents/HyperVerge/Bus-Ticket-Booking/backend/utils/authUtils.js": {"path":"/Users/karthi/Documents/HyperVerge/Bus-Ticket-Booking/backend/utils/authUtils.js","statementMap":{"0":{"start":{"line":4,"column":21},"end":{"line":4,"column":66}},"1":{"start":{"line":4,"column":41},"end":{"line":4,"column":66}},"2":{"start":{"line":6,"column":24},"end":{"line":6,"column":100}},"3":{"start":{"line":6,"column":60},"end":{"line":6,"column":100}},"4":{"start":{"line":8,"column":22},"end":{"line":8,"column":106}},"5":{"start":{"line":8,"column":40},"end":{"line":8,"column":106}},"6":{"start":{"line":10,"column":20},"end":{"line":16,"column":1}},"7":{"start":{"line":11,"column":4},"end":{"line":15,"column":5}},"8":{"start":{"line":12,"column":8},"end":{"line":12,"column":48}},"9":{"start":{"line":14,"column":8},"end":{"line":14,"column":41}},"10":{"start":{"line":17,"column":20},"end":{"line":24,"column":1}},"11":{"start":{"line":18,"column":4},"end":{"line":18,"column":40}},"12":{"start":{"line":19,"column":4},"end":{"line":23,"column":7}}},"fnMap":{"0":{"name":"(anonymous_0)","decl":{"start":{"line":4,"column":21},"end":{"line":4,"column":22}},"loc":{"start":{"line":4,"column":41},"end":{"line":4,"column":66}},"line":4},"1":{"name":"(anonymous_1)","decl":{"start":{"line":6,"column":24},"end":{"line":6,"column":25}},"loc":{"start":{"line":6,"column":60},"end":{"line":6,"column":100}},"line":6},"2":{"name":"(anonymous_2)","decl":{"start":{"line":8,"column":22},"end":{"line":8,"column":23}},"loc":{"start":{"line":8,"column":40},"end":{"line":8,"column":106}},"line":8},"3":{"name":"(anonymous_3)","decl":{"start":{"line":10,"column":20},"end":{"line":10,"column":21}},"loc":{"start":{"line":10,"column":31},"end":{"line":16,"column":1}},"line":10},"4":{"name":"(anonymous_4)","decl":{"start":{"line":17,"column":20},"end":{"line":17,"column":21}},"loc":{"start":{"line":17,"column":45},"end":{"line":24,"column":1}},"line":17}},"branchMap":{},"s":{"0":2,"1":1,"2":2,"3":2,"4":2,"5":1,"6":2,"7":2,"8":2,"9":1,"10":2,"11":1,"12":1},"f":{"0":1,"1":2,"2":1,"3":2,"4":1},"b":{},"_coverageSchema":"1a1c01bbd47fc00a2c39e90264f33305004495a9","hash":"f8f5c6f05345e43576a1f66b182fbef296ef0cb9"}
}
