TN:
SF:models/bookingModel.js
FNF:0
FNH:0
DA:3,2
DA:15,2
LF:2
LH:2
BRF:0
BRH:0
end_of_record
TN:
SF:models/busModel.js
FNF:0
FNH:0
DA:3,2
DA:14,2
LF:2
LH:2
BRF:0
BRH:0
end_of_record
TN:
SF:models/operatorModel.js
FNF:0
FNH:0
DA:3,3
DA:17,3
LF:2
LH:2
BRF:0
BRH:0
end_of_record
TN:
SF:models/tripModel.js
FNF:0
FNH:0
DA:3,3
DA:21,3
LF:2
LH:2
BRF:0
BRH:0
end_of_record
TN:
SF:models/userModel.js
FNF:0
FNH:0
DA:3,1
DA:17,1
LF:2
LH:2
BRF:0
BRH:0
end_of_record
TN:
SF:services/bookingService.js
FN:5,(anonymous_0)
FN:11,(anonymous_1)
FN:18,(anonymous_2)
FN:47,(anonymous_3)
FNF:4
FNH:4
FNDA:5,(anonymous_0)
FNDA:3,(anonymous_1)
FNDA:2,(anonymous_2)
FNDA:4,(anonymous_3)
DA:6,5
DA:7,5
DA:8,5
DA:9,4
DA:11,3
DA:12,3
DA:14,3
DA:15,1
DA:18,2
DA:19,2
DA:20,1
DA:23,1
DA:32,1
DA:40,1
DA:42,0
DA:43,0
DA:48,4
DA:49,4
DA:50,4
DA:51,3
DA:52,2
DA:54,1
DA:62,1
DA:63,1
DA:64,1
DA:66,1
DA:68,0
DA:69,0
LF:28
LH:24
BRDA:8,0,0,1
BRDA:8,0,1,4
BRDA:9,1,0,1
BRDA:9,1,1,3
BRDA:12,2,0,3
BRDA:12,2,1,2
BRDA:14,3,0,1
BRDA:14,3,1,2
BRDA:19,4,0,1
BRDA:19,4,1,1
BRDA:50,5,0,1
BRDA:50,5,1,3
BRDA:51,6,0,1
BRDA:51,6,1,2
BRDA:52,7,0,1
BRDA:52,7,1,1
BRF:16
BRH:16
end_of_record
TN:
SF:services/busService.js
FN:5,(anonymous_0)
FN:17,(anonymous_1)
FN:31,(anonymous_2)
FN:41,(anonymous_3)
FNF:4
FNH:3
FNDA:3,(anonymous_0)
FNDA:3,(anonymous_1)
FNDA:3,(anonymous_2)
FNDA:0,(anonymous_3)
DA:6,3
DA:8,2
DA:9,2
DA:10,2
DA:11,1
DA:13,1
DA:18,3
DA:19,3
DA:24,2
DA:25,1
DA:27,1
DA:32,3
DA:33,3
DA:34,2
DA:35,1
DA:37,1
DA:42,0
DA:46,0
DA:48,0
DA:50,0
LF:20
LH:16
BRDA:6,0,0,1
BRDA:6,0,1,2
BRDA:24,1,0,1
BRDA:24,1,1,1
BRDA:34,2,0,1
BRDA:34,2,1,1
BRF:6
BRH:6
end_of_record
TN:
SF:services/profileService.js
FN:7,(anonymous_0)
FN:18,(anonymous_1)
FN:20,(anonymous_2)
FN:26,(anonymous_3)
FN:28,(anonymous_4)
FN:34,(anonymous_5)
FN:36,(anonymous_6)
FN:42,(anonymous_7)
FN:44,(anonymous_8)
FN:50,(anonymous_9)
FN:52,(anonymous_10)
FN:55,(anonymous_11)
FN:56,(anonymous_12)
FN:68,(anonymous_13)
FN:70,(anonymous_14)
FNF:15
FNH:15
FNDA:21,(anonymous_0)
FNDA:3,(anonymous_1)
FNDA:3,(anonymous_2)
FNDA:3,(anonymous_3)
FNDA:3,(anonymous_4)
FNDA:3,(anonymous_5)
FNDA:3,(anonymous_6)
FNDA:3,(anonymous_7)
FNDA:3,(anonymous_8)
FNDA:3,(anonymous_9)
FNDA:3,(anonymous_10)
FNDA:3,(anonymous_11)
FNDA:3,(anonymous_12)
FNDA:3,(anonymous_13)
FNDA:3,(anonymous_14)
DA:8,21
DA:9,21
DA:10,14
DA:11,9
DA:13,7
DA:14,7
DA:19,3
DA:20,3
DA:27,3
DA:28,3
DA:35,3
DA:36,3
DA:43,3
DA:44,3
DA:51,3
DA:53,3
DA:55,3
DA:56,3
DA:58,2
DA:69,3
DA:71,3
DA:72,2
LF:22
LH:22
BRDA:10,0,0,5
BRDA:10,0,1,9
BRF:2
BRH:2
end_of_record
TN:
SF:services/authServices/baseAuthService.js
FN:4,(anonymous_0)
FN:9,(anonymous_1)
FN:26,(anonymous_2)
FN:44,(anonymous_3)
FNF:4
FNH:4
FNDA:24,(anonymous_0)
FNDA:12,(anonymous_1)
FNDA:13,(anonymous_2)
FNDA:10,(anonymous_3)
DA:5,24
DA:6,24
DA:10,12
DA:11,12
DA:12,4
DA:15,8
DA:16,8
DA:17,3
DA:20,5
DA:21,4
DA:23,3
DA:27,13
DA:28,4
DA:31,9
DA:32,8
DA:33,4
DA:36,3
DA:45,10
DA:46,5
DA:48,5
LF:20
LH:20
BRDA:11,0,0,4
BRDA:11,0,1,8
BRDA:16,1,0,3
BRDA:16,1,1,5
BRDA:27,2,0,4
BRDA:27,2,1,9
BRDA:27,3,0,13
BRDA:27,3,1,10
BRDA:32,4,0,4
BRDA:32,4,1,3
BRDA:32,5,0,8
BRDA:32,5,1,5
BRDA:45,6,0,5
BRDA:45,6,1,5
BRDA:45,7,0,10
BRDA:45,7,1,7
BRF:16
BRH:16
end_of_record
TN:
SF:services/authServices/operatorService.js
FN:5,(anonymous_0)
FN:9,(anonymous_1)
FN:15,(anonymous_2)
FNF:3
FNH:2
FNDA:6,(anonymous_0)
FNDA:3,(anonymous_1)
FNDA:0,(anonymous_2)
DA:6,6
DA:10,3
DA:16,0
LF:3
LH:2
BRDA:10,0,0,1
BRDA:10,0,1,2
BRDA:10,1,0,3
BRDA:10,1,1,2
BRDA:10,1,2,2
BRDA:10,1,3,2
BRF:6
BRH:6
end_of_record
TN:
SF:services/authServices/userService.js
FN:5,(anonymous_0)
FN:9,(anonymous_1)
FN:15,(anonymous_2)
FNF:3
FNH:2
FNDA:1,(anonymous_0)
FNDA:3,(anonymous_1)
FNDA:0,(anonymous_2)
DA:6,1
DA:10,3
DA:16,0
LF:3
LH:2
BRDA:10,0,0,1
BRDA:10,0,1,2
BRDA:10,1,0,3
BRDA:10,1,1,2
BRDA:10,1,2,2
BRDA:10,1,3,2
BRF:6
BRH:6
end_of_record
TN:
SF:services/tripServices/baseTripService.js
FN:5,(anonymous_0)
FN:15,(anonymous_1)
FN:24,(anonymous_2)
FN:44,(anonymous_3)
FNF:4
FNH:4
FNDA:3,(anonymous_0)
FNDA:2,(anonymous_1)
FNDA:6,(anonymous_2)
FNDA:3,(anonymous_3)
DA:6,3
DA:7,3
DA:8,2
DA:9,1
DA:11,1
DA:16,2
DA:17,2
DA:18,1
DA:20,1
DA:25,6
DA:26,6
DA:28,6
DA:29,6
DA:31,6
DA:32,2
DA:33,2
DA:34,2
DA:37,6
DA:39,6
DA:41,5
DA:42,5
DA:43,2
DA:44,3
DA:47,5
DA:54,1
DA:55,1
LF:26
LH:26
BRDA:8,0,0,1
BRDA:8,0,1,1
BRDA:24,1,0,1
BRDA:28,2,0,2
BRDA:28,2,1,4
BRDA:29,3,0,2
BRDA:29,3,1,4
BRDA:31,4,0,2
BRDA:31,4,1,4
BRDA:31,5,0,6
BRDA:31,5,1,4
BRDA:33,6,0,2
BRDA:33,6,1,0
BRDA:34,7,0,2
BRDA:34,7,1,0
BRDA:42,8,0,2
BRDA:42,8,1,3
BRDA:42,9,0,5
BRDA:42,9,1,2
BRF:19
BRH:17
end_of_record
TN:
SF:services/tripServices/operatorTripService.js
FN:7,(anonymous_0)
FN:11,(anonymous_1)
FN:15,(anonymous_2)
FN:18,(anonymous_3)
FN:22,(anonymous_4)
FN:33,(anonymous_5)
FN:57,(anonymous_6)
FN:81,(anonymous_7)
FN:128,(anonymous_8)
FN:148,(anonymous_9)
FNF:10
FNH:10
FNDA:25,(anonymous_0)
FNDA:1,(anonymous_1)
FNDA:1,(anonymous_2)
FNDA:1,(anonymous_3)
FNDA:4,(anonymous_4)
FNDA:4,(anonymous_5)
FNDA:5,(anonymous_6)
FNDA:4,(anonymous_7)
FNDA:5,(anonymous_8)
FNDA:4,(anonymous_9)
DA:8,25
DA:12,1
DA:16,1
DA:19,1
DA:23,4
DA:24,1
DA:27,3
DA:28,3
DA:29,3
DA:30,1
DA:33,4
DA:35,2
DA:47,1
DA:48,1
DA:50,1
DA:52,1
DA:58,5
DA:59,1
DA:62,4
DA:63,1
DA:66,3
DA:67,3
DA:68,2
DA:69,1
DA:72,1
DA:73,1
DA:75,1
DA:77,1
DA:82,4
DA:83,4
DA:84,1
DA:87,3
DA:88,2
DA:89,1
DA:92,1
DA:101,1
DA:102,1
DA:103,6
DA:104,1
DA:108,1
DA:110,1
DA:117,1
DA:129,5
DA:130,5
DA:131,2
DA:134,3
DA:135,2
DA:136,1
DA:139,1
DA:140,1
DA:142,1
DA:144,1
DA:149,4
DA:150,4
DA:151,1
DA:154,3
DA:155,2
DA:156,1
DA:158,1
DA:160,1
LF:60
LH:60
BRDA:23,0,0,1
BRDA:23,0,1,3
BRDA:29,1,0,1
BRDA:29,1,1,2
BRDA:29,2,0,3
BRDA:29,2,1,2
BRDA:58,3,0,1
BRDA:58,3,1,4
BRDA:62,4,0,1
BRDA:62,4,1,3
BRDA:68,5,0,1
BRDA:68,5,1,1
BRDA:83,6,0,1
BRDA:83,6,1,3
BRDA:88,7,0,1
BRDA:88,7,1,1
BRDA:103,8,0,1
BRDA:103,8,1,5
BRDA:130,9,0,2
BRDA:130,9,1,3
BRDA:130,10,0,5
BRDA:130,10,1,4
BRDA:135,11,0,1
BRDA:135,11,1,1
BRDA:150,12,0,1
BRDA:150,12,1,3
BRDA:155,13,0,1
BRDA:155,13,1,1
BRF:28
BRH:28
end_of_record
TN:
SF:utils/authUtils.js
FN:4,(anonymous_0)
FN:6,(anonymous_1)
FN:8,(anonymous_2)
FN:10,(anonymous_3)
FN:17,(anonymous_4)
FNF:5
FNH:5
FNDA:1,(anonymous_0)
FNDA:2,(anonymous_1)
FNDA:1,(anonymous_2)
FNDA:2,(anonymous_3)
FNDA:1,(anonymous_4)
DA:4,2
DA:6,2
DA:8,2
DA:10,2
DA:11,2
DA:12,2
DA:14,1
DA:17,2
DA:18,1
DA:19,1
LF:10
LH:10
BRF:0
BRH:0
end_of_record
